05/19/2022 09:28:40 PM - INFO - models.main_model - : Class created
05/19/2022 09:28:40 PM - INFO - models.dicom_file_parser_model - : Class created
05/19/2022 09:28:40 PM - INFO - models.configuration - : Class created
05/19/2022 09:28:40 PM - INFO - views.image_window - : Class created
05/19/2022 09:28:40 PM - INFO - controllers.main_controller - : Class created
05/19/2022 09:28:40 PM - INFO - __main__ - : Class created
05/19/2022 09:28:40 PM - INFO - __main__ - : info
05/19/2022 09:28:40 PM - CRITICAL - __main__ - : critical
05/19/2022 09:28:40 PM - DEBUG - __main__ - : debug
05/19/2022 09:28:40 PM - ERROR - __main__ - : error
05/19/2022 09:28:40 PM - ERROR - __main__ - : exception
NoneType: None
05/19/2022 09:28:40 PM - INFO - models.configuration - : create_hidden_dir function called
05/19/2022 09:28:40 PM - INFO - models.configuration - : set_up_db function called
05/19/2022 09:28:40 PM - INFO - controllers.main_controller - : check_preference function called
05/19/2022 09:28:40 PM - INFO - models.configuration - : get_default_dir function called
05/19/2022 09:28:40 PM - INFO - controllers.main_controller - : change_selected_dicom_directory function called
05/19/2022 09:28:40 PM - INFO - models.main_model - : selected_dicom_directory function setter called
05/19/2022 09:28:40 PM - INFO - controllers.main_controller - : change_selected_dicom_directory function called
05/19/2022 09:28:40 PM - INFO - models.main_model - : selected_dicom_directory function setter called
05/19/2022 09:28:40 PM - INFO - controllers.main_controller - : get_dicom_image_files_in_selected_path function called
05/19/2022 09:28:40 PM - INFO - models.dicom_file_parser_model - : get_type function called
05/19/2022 09:28:40 PM - INFO - models.dicom_file_parser_model - : get_instance_number function called
05/19/2022 09:28:40 PM - INFO - controllers.main_controller - : get_dicom_image_files_in_selected_path function called
05/19/2022 09:28:40 PM - INFO - models.dicom_file_parser_model - : get_type function called
05/19/2022 09:28:40 PM - INFO - models.dicom_file_parser_model - : get_instance_number function called
05/19/2022 09:36:52 PM - INFO - models.main_model - : Class created
05/19/2022 09:36:53 PM - INFO - models.dicom_file_parser_model - : Class created
05/19/2022 09:36:53 PM - INFO - models.configuration - : Class created
05/19/2022 09:36:53 PM - INFO - views.image_window - : Class created
05/19/2022 09:36:53 PM - INFO - controllers.main_controller - : Class created
05/19/2022 09:36:53 PM - INFO - __main__ - : Class created
05/19/2022 09:36:53 PM - INFO - __main__ - : info
05/19/2022 09:36:53 PM - CRITICAL - __main__ - : critical
05/19/2022 09:36:53 PM - DEBUG - __main__ - : debug
05/19/2022 09:36:53 PM - ERROR - __main__ - : error
05/19/2022 09:36:53 PM - ERROR - __main__ - : exception
NoneType: None
05/19/2022 09:36:53 PM - WARNING - __main__ - : Warning
05/19/2022 09:36:53 PM - INFO - models.configuration - : create_hidden_dir function called
05/19/2022 09:36:53 PM - INFO - models.configuration - : set_up_db function called
05/19/2022 09:36:53 PM - INFO - controllers.main_controller - : check_preference function called
05/19/2022 09:36:53 PM - INFO - models.configuration - : get_default_dir function called
05/19/2022 09:36:53 PM - INFO - controllers.main_controller - : change_selected_dicom_directory function called
05/19/2022 09:36:53 PM - INFO - models.main_model - : selected_dicom_directory function setter called
05/19/2022 09:36:53 PM - INFO - controllers.main_controller - : change_selected_dicom_directory function called
05/19/2022 09:36:53 PM - INFO - models.main_model - : selected_dicom_directory function setter called
05/19/2022 09:36:53 PM - INFO - controllers.main_controller - : get_dicom_image_files_in_selected_path function called
05/19/2022 09:36:53 PM - INFO - models.dicom_file_parser_model - : get_type function called
05/19/2022 09:36:53 PM - INFO - models.dicom_file_parser_model - : get_instance_number function called
05/19/2022 09:36:53 PM - INFO - controllers.main_controller - : get_dicom_image_files_in_selected_path function called
05/19/2022 09:36:53 PM - INFO - models.dicom_file_parser_model - : get_type function called
05/19/2022 09:36:53 PM - INFO - models.dicom_file_parser_model - : get_instance_number function called
05/19/2022 09:36:54 PM - INFO - controllers.main_controller - : change_selected_image_file_path function called
05/19/2022 09:36:54 PM - INFO - models.main_model - : selected_image_file_path function setter called
05/19/2022 09:36:54 PM - INFO - views.image_window - : show_data function called
05/19/2022 09:36:54 PM - INFO - controllers.main_controller - : get_dicom_image_parser function called
05/19/2022 09:36:54 PM - INFO - models.dicom_file_parser_model - : get_qtimage function called
05/19/2022 09:36:54 PM - INFO - models.dicom_file_parser_model - : get_body_part_title function called
05/19/2022 09:36:54 PM - INFO - models.dicom_file_parser_model - : get_instance_number function called
05/19/2022 09:36:55 PM - INFO - controllers.main_controller - : get_next_image_file_path function called
05/19/2022 09:36:55 PM - INFO - models.main_model - : selected_image_file_path function property called
05/19/2022 09:36:55 PM - INFO - controllers.main_controller - : get_dicom_image_files_in_selected_path function called
05/19/2022 09:36:55 PM - INFO - models.main_model - : selected_dicom_directory function property called
05/19/2022 09:36:55 PM - INFO - models.dicom_file_parser_model - : get_type function called
05/19/2022 09:36:55 PM - INFO - models.dicom_file_parser_model - : get_instance_number function called
05/19/2022 09:36:55 PM - INFO - controllers.main_controller - : change_selected_image_file_path function called
05/19/2022 09:36:55 PM - INFO - models.main_model - : selected_image_file_path function setter called
05/19/2022 09:36:55 PM - INFO - views.image_window - : show_data function called
05/19/2022 09:36:55 PM - INFO - controllers.main_controller - : get_dicom_image_parser function called
05/19/2022 09:36:55 PM - INFO - models.dicom_file_parser_model - : get_qtimage function called
05/19/2022 09:36:55 PM - INFO - models.dicom_file_parser_model - : get_body_part_title function called
05/19/2022 09:36:55 PM - INFO - models.dicom_file_parser_model - : get_instance_number function called
05/19/2022 09:36:55 PM - INFO - controllers.main_controller - : get_next_image_file_path function called
05/19/2022 09:36:55 PM - INFO - models.main_model - : selected_image_file_path function property called
05/19/2022 09:36:55 PM - INFO - controllers.main_controller - : get_dicom_image_files_in_selected_path function called
05/19/2022 09:36:55 PM - INFO - models.main_model - : selected_dicom_directory function property called
05/19/2022 09:36:55 PM - INFO - models.dicom_file_parser_model - : get_type function called
05/19/2022 09:36:55 PM - INFO - models.dicom_file_parser_model - : get_instance_number function called
05/19/2022 09:36:55 PM - INFO - controllers.main_controller - : change_selected_image_file_path function called
05/19/2022 09:36:55 PM - INFO - models.main_model - : selected_image_file_path function setter called
05/19/2022 09:36:55 PM - INFO - views.image_window - : show_data function called
05/19/2022 09:36:55 PM - INFO - controllers.main_controller - : get_dicom_image_parser function called
05/19/2022 09:36:55 PM - INFO - models.dicom_file_parser_model - : get_qtimage function called
05/19/2022 09:36:55 PM - INFO - models.dicom_file_parser_model - : get_body_part_title function called
05/19/2022 09:36:55 PM - INFO - models.dicom_file_parser_model - : get_instance_number function called
05/19/2022 09:36:55 PM - INFO - controllers.main_controller - : get_next_image_file_path function called
05/19/2022 09:36:55 PM - INFO - models.main_model - : selected_image_file_path function property called
05/19/2022 09:36:55 PM - INFO - controllers.main_controller - : get_dicom_image_files_in_selected_path function called
05/19/2022 09:36:55 PM - INFO - models.main_model - : selected_dicom_directory function property called
05/19/2022 09:36:55 PM - INFO - models.dicom_file_parser_model - : get_type function called
05/19/2022 09:36:55 PM - INFO - models.dicom_file_parser_model - : get_instance_number function called
05/19/2022 09:36:55 PM - INFO - controllers.main_controller - : change_selected_image_file_path function called
05/19/2022 09:36:55 PM - INFO - models.main_model - : selected_image_file_path function setter called
05/19/2022 09:36:55 PM - INFO - views.image_window - : show_data function called
05/19/2022 09:36:55 PM - INFO - controllers.main_controller - : get_dicom_image_parser function called
05/19/2022 09:36:55 PM - INFO - models.dicom_file_parser_model - : get_qtimage function called
05/19/2022 09:36:55 PM - INFO - models.dicom_file_parser_model - : get_body_part_title function called
05/19/2022 09:36:55 PM - INFO - models.dicom_file_parser_model - : get_instance_number function called
05/19/2022 09:36:56 PM - INFO - controllers.main_controller - : get_previous_image_file_path function called
05/19/2022 09:36:56 PM - INFO - models.main_model - : selected_image_file_path function property called
05/19/2022 09:36:56 PM - INFO - controllers.main_controller - : get_dicom_image_files_in_selected_path function called
05/19/2022 09:36:56 PM - INFO - models.main_model - : selected_dicom_directory function property called
05/19/2022 09:36:56 PM - INFO - models.dicom_file_parser_model - : get_type function called
05/19/2022 09:36:56 PM - INFO - models.dicom_file_parser_model - : get_instance_number function called
05/19/2022 09:36:56 PM - INFO - controllers.main_controller - : change_selected_image_file_path function called
05/19/2022 09:36:56 PM - INFO - models.main_model - : selected_image_file_path function setter called
05/19/2022 09:36:56 PM - INFO - views.image_window - : show_data function called
05/19/2022 09:36:56 PM - INFO - controllers.main_controller - : get_dicom_image_parser function called
05/19/2022 09:36:56 PM - INFO - models.dicom_file_parser_model - : get_qtimage function called
05/19/2022 09:36:56 PM - INFO - models.dicom_file_parser_model - : get_body_part_title function called
05/19/2022 09:36:56 PM - INFO - models.dicom_file_parser_model - : get_instance_number function called
05/19/2022 09:36:56 PM - INFO - controllers.main_controller - : get_previous_image_file_path function called
05/19/2022 09:36:56 PM - INFO - models.main_model - : selected_image_file_path function property called
05/19/2022 09:36:56 PM - INFO - controllers.main_controller - : get_dicom_image_files_in_selected_path function called
05/19/2022 09:36:56 PM - INFO - models.main_model - : selected_dicom_directory function property called
05/19/2022 09:36:56 PM - INFO - models.dicom_file_parser_model - : get_type function called
05/19/2022 09:36:56 PM - INFO - models.dicom_file_parser_model - : get_instance_number function called
05/19/2022 09:36:56 PM - INFO - controllers.main_controller - : change_selected_image_file_path function called
05/19/2022 09:36:56 PM - INFO - models.main_model - : selected_image_file_path function setter called
05/19/2022 09:36:56 PM - INFO - views.image_window - : show_data function called
05/19/2022 09:36:56 PM - INFO - controllers.main_controller - : get_dicom_image_parser function called
05/19/2022 09:36:56 PM - INFO - models.dicom_file_parser_model - : get_qtimage function called
05/19/2022 09:36:56 PM - INFO - models.dicom_file_parser_model - : get_body_part_title function called
05/19/2022 09:36:56 PM - INFO - models.dicom_file_parser_model - : get_instance_number function called
05/19/2022 10:17:01 PM - INFO - models.main_model - : Class created
05/19/2022 10:17:01 PM - INFO - models.dicom_file_parser_model - : Class created
05/19/2022 10:17:01 PM - INFO - models.configuration - : Class created
05/19/2022 10:17:01 PM - INFO - views.image_window - : Class created
05/19/2022 10:17:01 PM - INFO - controllers.main_controller - : Class created
05/19/2022 10:17:01 PM - INFO - __main__ - : Class created
05/19/2022 10:17:01 PM - INFO - models.configuration - : create_hidden_dir function called
05/19/2022 10:17:01 PM - INFO - models.configuration - : set_up_db function called
05/19/2022 10:17:01 PM - INFO - controllers.main_controller - : check_preference function called
05/19/2022 10:17:01 PM - INFO - models.configuration - : get_default_dir function called
05/19/2022 10:17:01 PM - INFO - controllers.main_controller - : change_selected_dicom_directory function called
05/19/2022 10:17:01 PM - INFO - models.main_model - : selected_dicom_directory function setter called
05/19/2022 10:17:01 PM - INFO - controllers.main_controller - : change_selected_dicom_directory function called
05/19/2022 10:17:01 PM - INFO - models.main_model - : selected_dicom_directory function setter called
05/19/2022 10:17:01 PM - INFO - controllers.main_controller - : get_dicom_image_files_in_selected_path function called
05/19/2022 10:17:01 PM - INFO - models.dicom_file_parser_model - : get_type function called
05/19/2022 10:17:01 PM - INFO - models.dicom_file_parser_model - : get_instance_number function called
05/19/2022 10:17:01 PM - INFO - controllers.main_controller - : get_dicom_image_files_in_selected_path function called
05/19/2022 10:17:01 PM - INFO - models.dicom_file_parser_model - : get_type function called
05/19/2022 10:17:01 PM - INFO - models.dicom_file_parser_model - : get_instance_number function called
05/19/2022 10:17:04 PM - INFO - controllers.main_controller - : change_selected_image_file_path function called
05/19/2022 10:17:04 PM - INFO - models.main_model - : selected_image_file_path function setter called
05/19/2022 10:17:04 PM - INFO - views.image_window - : show_data function called
05/19/2022 10:17:04 PM - INFO - controllers.main_controller - : get_dicom_image_parser function called
05/19/2022 10:17:04 PM - INFO - models.dicom_file_parser_model - : get_qtimage function called
05/19/2022 10:17:04 PM - INFO - models.dicom_file_parser_model - : get_body_part_title function called
05/19/2022 10:17:04 PM - INFO - models.dicom_file_parser_model - : get_instance_number function called
05/19/2022 10:17:05 PM - INFO - controllers.main_controller - : get_next_image_file_path function called
05/19/2022 10:17:05 PM - INFO - models.main_model - : selected_image_file_path function property called
05/19/2022 10:17:05 PM - INFO - controllers.main_controller - : get_dicom_image_files_in_selected_path function called
05/19/2022 10:17:05 PM - INFO - models.main_model - : selected_dicom_directory function property called
05/19/2022 10:17:05 PM - INFO - models.dicom_file_parser_model - : get_type function called
05/19/2022 10:17:05 PM - INFO - models.dicom_file_parser_model - : get_instance_number function called
05/19/2022 10:17:05 PM - INFO - controllers.main_controller - : change_selected_image_file_path function called
05/19/2022 10:17:05 PM - INFO - models.main_model - : selected_image_file_path function setter called
05/19/2022 10:17:05 PM - INFO - views.image_window - : show_data function called
05/19/2022 10:17:05 PM - INFO - controllers.main_controller - : get_dicom_image_parser function called
05/19/2022 10:17:05 PM - INFO - models.dicom_file_parser_model - : get_qtimage function called
05/19/2022 10:17:05 PM - INFO - models.dicom_file_parser_model - : get_body_part_title function called
05/19/2022 10:17:05 PM - INFO - models.dicom_file_parser_model - : get_instance_number function called
05/19/2022 10:17:05 PM - INFO - controllers.main_controller - : get_previous_image_file_path function called
05/19/2022 10:17:05 PM - INFO - models.main_model - : selected_image_file_path function property called
05/19/2022 10:17:05 PM - INFO - controllers.main_controller - : get_dicom_image_files_in_selected_path function called
05/19/2022 10:17:05 PM - INFO - models.main_model - : selected_dicom_directory function property called
05/19/2022 10:17:05 PM - INFO - models.dicom_file_parser_model - : get_type function called
05/19/2022 10:17:05 PM - INFO - models.dicom_file_parser_model - : get_instance_number function called
05/19/2022 10:17:05 PM - INFO - controllers.main_controller - : change_selected_image_file_path function called
05/19/2022 10:17:05 PM - INFO - models.main_model - : selected_image_file_path function setter called
05/19/2022 10:17:05 PM - INFO - views.image_window - : show_data function called
05/19/2022 10:17:05 PM - INFO - controllers.main_controller - : get_dicom_image_parser function called
05/19/2022 10:17:05 PM - INFO - models.dicom_file_parser_model - : get_qtimage function called
05/19/2022 10:17:05 PM - INFO - models.dicom_file_parser_model - : get_body_part_title function called
05/19/2022 10:17:05 PM - INFO - models.dicom_file_parser_model - : get_instance_number function called
05/19/2022 10:17:05 PM - INFO - controllers.main_controller - : get_previous_image_file_path function called
05/19/2022 10:17:05 PM - INFO - models.main_model - : selected_image_file_path function property called
05/19/2022 10:17:05 PM - INFO - controllers.main_controller - : get_dicom_image_files_in_selected_path function called
05/19/2022 10:17:05 PM - INFO - models.main_model - : selected_dicom_directory function property called
05/19/2022 10:17:05 PM - INFO - models.dicom_file_parser_model - : get_type function called
05/19/2022 10:17:05 PM - INFO - models.dicom_file_parser_model - : get_instance_number function called
05/19/2022 10:17:05 PM - INFO - controllers.main_controller - : change_selected_image_file_path function called
05/19/2022 10:17:05 PM - INFO - models.main_model - : selected_image_file_path function setter called
05/19/2022 10:17:05 PM - INFO - views.image_window - : show_data function called
05/19/2022 10:17:05 PM - INFO - controllers.main_controller - : get_dicom_image_parser function called
05/19/2022 10:17:05 PM - INFO - models.dicom_file_parser_model - : get_qtimage function called
05/19/2022 10:17:05 PM - INFO - models.dicom_file_parser_model - : get_body_part_title function called
05/19/2022 10:17:05 PM - INFO - models.dicom_file_parser_model - : get_instance_number function called
